# JRE version: Java(TM) SE Runtime Environment (21.0.3+7) (build 21.0.3+7-LTS-152)
# Java VM: Java HotSpot(TM) 64-Bit Server VM (21.0.3+7-LTS-152, mixed mode, emulated-client, sharing, tiered, compressed oops, compressed class ptrs, g1 gc, windows-amd64)
GC Precious Log:
 CardTable entry size: 512
 Card Set container configuration: InlinePtr #cards 5 size 8 Array Of Cards #cards 12 size 40 Howl #buckets 4 coarsen threshold 1843 Howl Bitmap #cards 512 size 80 coarsen threshold 460 Card regions per heap region 1 cards per card region 2048
 CPUs: 8 total, 8 available
 Memory: 7995M
 Large Page Support: Disabled
 NUMA Support: Disabled
 Compressed Oops: Enabled (32-bit)
 Heap Region Size: 1M
 Heap Min Capacity: 8M
 Heap Initial Capacity: 126M
 Heap Max Capacity: 2000M
 Pre-touch: Disabled
 Parallel Workers: 8
 Concurrent Workers: 2
 Concurrent Refinement Workers: 8
 Periodic GC: Disabled
Heap:
 garbage-first heap   total 69632K, used 61334K [0x0000000083000000, 0x0000000100000000)
  region size 1024K, 22 young (22528K), 2 survivors (2048K)
 Metaspace       used 64189K, committed 64768K, reserved 1114112K
  class space    used 9145K, committed 9408K, reserved 1048576K
GC Heap History (20 events):
Event: 27.744 GC heap after
{Heap after GC invocations=10 (full 0):
 garbage-first heap   total 69632K, used 24816K [0x0000000083000000, 0x0000000100000000)
  region size 1024K, 2 young (2048K), 2 survivors (2048K)
 Metaspace       used 37296K, committed 37824K, reserved 1114112K
  class space    used 5284K, committed 5504K, reserved 1048576K
}
Event: 45.444 GC heap before
{Heap before GC invocations=10 (full 0):
 garbage-first heap   total 69632K, used 59632K [0x0000000083000000, 0x0000000100000000)
  region size 1024K, 36 young (36864K), 2 survivors (2048K)
 Metaspace       used 43388K, committed 43968K, reserved 1114112K
  class space    used 6132K, committed 6400K, reserved 1048576K
}
Event: 45.461 GC heap after
{Heap after GC invocations=11 (full 0):
 garbage-first heap   total 69632K, used 26180K [0x0000000083000000, 0x0000000100000000)
  region size 1024K, 4 young (4096K), 4 survivors (4096K)
 Metaspace       used 43388K, committed 43968K, reserved 1114112K
  class space    used 6132K, committed 6400K, reserved 1048576K
}
Event: 52.971 GC heap before
{Heap before GC invocations=11 (full 0):
 garbage-first heap   total 69632K, used 59972K [0x0000000083000000, 0x0000000100000000)
  region size 1024K, 38 young (38912K), 4 survivors (4096K)
 Metaspace       used 50430K, committed 51008K, reserved 1114112K
  class space    used 7312K, committed 7552K, reserved 1048576K
}
Event: 52.984 GC heap after
{Heap after GC invocations=12 (full 0):
 garbage-first heap   total 69632K, used 27614K [0x0000000083000000, 0x0000000100000000)
  region size 1024K, 4 young (4096K), 4 survivors (4096K)
 Metaspace       used 50430K, committed 51008K, reserved 1114112K
  class space    used 7312K, committed 7552K, reserved 1048576K
}
Event: 56.438 GC heap before
{Heap before GC invocations=12 (full 0):
 garbage-first heap   total 69632K, used 60382K [0x0000000083000000, 0x0000000100000000)
  region size 1024K, 36 young (36864K), 4 survivors (4096K)
 Metaspace       used 51379K, committed 52032K, reserved 1114112K
  class space    used 7460K, committed 7744K, reserved 1048576K
}
Event: 56.448 GC heap after
{Heap after GC invocations=13 (full 0):
 garbage-first heap   total 69632K, used 28192K [0x0000000083000000, 0x0000000100000000)
  region size 1024K, 2 young (2048K), 2 survivors (2048K)
 Metaspace       used 51379K, committed 52032K, reserved 1114112K
  class space    used 7460K, committed 7744K, reserved 1048576K
}
Event: 56.644 GC heap before
{Heap before GC invocations=13 (full 0):
 garbage-first heap   total 69632K, used 29216K [0x0000000083000000, 0x0000000100000000)
  region size 1024K, 4 young (4096K), 2 survivors (2048K)
 Metaspace       used 51677K, committed 52288K, reserved 1114112K
  class space    used 7521K, committed 7808K, reserved 1048576K
}
Event: 56.649 GC heap after
{Heap after GC invocations=14 (full 0):
 garbage-first heap   total 69632K, used 28099K [0x0000000083000000, 0x0000000100000000)
  region size 1024K, 2 young (2048K), 2 survivors (2048K)
 Metaspace       used 51677K, committed 52288K, reserved 1114112K
  class space    used 7521K, committed 7808K, reserved 1048576K
}
Event: 165.579 GC heap before
{Heap before GC invocations=15 (full 0):
 garbage-first heap   total 69632K, used 61891K [0x0000000083000000, 0x0000000100000000)
  region size 1024K, 35 young (35840K), 2 survivors (2048K)
 Metaspace       used 56413K, committed 57024K, reserved 1114112K
  class space    used 8177K, committed 8448K, reserved 1048576K
}
Event: 166.018 GC heap after
{Heap after GC invocations=16 (full 0):
 garbage-first heap   total 69632K, used 31600K [0x0000000083000000, 0x0000000100000000)
  region size 1024K, 5 young (5120K), 5 survivors (5120K)
 Metaspace       used 56413K, committed 57024K, reserved 1114112K
  class space    used 8177K, committed 8448K, reserved 1048576K
}
Event: 173.057 GC heap before
{Heap before GC invocations=16 (full 0):
 garbage-first heap   total 69632K, used 50032K [0x0000000083000000, 0x0000000100000000)
  region size 1024K, 23 young (23552K), 5 survivors (5120K)
 Metaspace       used 60009K, committed 60544K, reserved 1114112K
  class space    used 8683K, committed 8896K, reserved 1048576K
}
Event: 173.077 GC heap after
{Heap after GC invocations=17 (full 0):
 garbage-first heap   total 69632K, used 33082K [0x0000000083000000, 0x0000000100000000)
  region size 1024K, 2 young (2048K), 2 survivors (2048K)
 Metaspace       used 60009K, committed 60544K, reserved 1114112K
  class space    used 8683K, committed 8896K, reserved 1048576K
}
Event: 181.916 GC heap before
{Heap before GC invocations=17 (full 0):
 garbage-first heap   total 69632K, used 61754K [0x0000000083000000, 0x0000000100000000)
  region size 1024K, 30 young (30720K), 2 survivors (2048K)
 Metaspace       used 62187K, committed 62720K, reserved 1114112K
  class space    used 8996K, committed 9216K, reserved 1048576K
}
Event: 181.932 GC heap after
{Heap after GC invocations=18 (full 0):
 garbage-first heap   total 69632K, used 35396K [0x0000000083000000, 0x0000000100000000)
  region size 1024K, 4 young (4096K), 4 survivors (4096K)
 Metaspace       used 62187K, committed 62720K, reserved 1114112K
  class space    used 8996K, committed 9216K, reserved 1048576K
}
Event: 185.821 GC heap before
{Heap before GC invocations=18 (full 0):
 garbage-first heap   total 69632K, used 60996K [0x0000000083000000, 0x0000000100000000)
  region size 1024K, 29 young (29696K), 4 survivors (4096K)
 Metaspace       used 63039K, committed 63616K, reserved 1114112K
  class space    used 9077K, committed 9344K, reserved 1048576K
}
Event: 185.984 GC heap after
{Heap after GC invocations=19 (full 0):
 garbage-first heap   total 69632K, used 38533K [0x0000000083000000, 0x0000000100000000)
  region size 1024K, 3 young (3072K), 3 survivors (3072K)
 Metaspace       used 63039K, committed 63616K, reserved 1114112K
  class space    used 9077K, committed 9344K, reserved 1048576K
}
Event: 188.893 GC heap before
{Heap before GC invocations=20 (full 0):
 garbage-first heap   total 69632K, used 62085K [0x0000000083000000, 0x0000000100000000)
  region size 1024K, 26 young (26624K), 3 survivors (3072K)
 Metaspace       used 63523K, committed 64064K, reserved 1114112K
  class space    used 9101K, committed 9344K, reserved 1048576K
}
Event: 188.911 GC heap after
{Heap after GC invocations=21 (full 0):
 garbage-first heap   total 69632K, used 40854K [0x0000000083000000, 0x0000000100000000)
  region size 1024K, 3 young (3072K), 3 survivors (3072K)
 Metaspace       used 63523K, committed 64064K, reserved 1114112K
  class space    used 9101K, committed 9344K, reserved 1048576K
}
Event: 191.400 GC heap before
{Heap before GC invocations=21 (full 0):
 garbage-first heap   total 69632K, used 61334K [0x0000000083000000, 0x0000000100000000)
  region size 1024K, 23 young (23552K), 3 survivors (3072K)
 Metaspace       used 64189K, committed 64768K, reserved 1114112K
  class space    used 9145K, committed 9408K, reserved 1048576K
}

